DEB [20190618-15:04:43.694] thr=1   paramiko.transport: starting thread (client mode): 0x1101dfd0
DEB [20190618-15:04:43.694] thr=1   paramiko.transport: Local version/idstring: SSH-2.0-paramiko_2.4.2
DEB [20190618-15:04:43.701] thr=1   paramiko.transport: Remote version/idstring: SSH-2.0-OpenSSH_7.9
INF [20190618-15:04:43.701] thr=1   paramiko.transport: Connected (version 2.0, client OpenSSH_7.9)
DEB [20190618-15:04:43.702] thr=1   paramiko.transport: kex algos:['curve25519-sha256', 'curve25519-sha256@libssh.org', 'ecdh-sha2-nistp256', 'ecdh-sha2-nistp384', 'ecdh-sha2-nistp521', 'diffie-hellman-group-exchange-sha256', 'diffie-hellman-group16-sha512', 'diffie-hellman-group18-sha512', 'diffie-hellman-group14-sha256', 'diffie-hellman-group14-sha1'] server key:['rsa-sha2-512', 'rsa-sha2-256', 'ssh-rsa', 'ecdsa-sha2-nistp256', 'ssh-ed25519'] client encrypt:['chacha20-poly1305@openssh.com', 'aes128-ctr', 'aes192-ctr', 'aes256-ctr', 'aes128-gcm@openssh.com', 'aes256-gcm@openssh.com'] server encrypt:['chacha20-poly1305@openssh.com', 'aes128-ctr', 'aes192-ctr', 'aes256-ctr', 'aes128-gcm@openssh.com', 'aes256-gcm@openssh.com'] client mac:['umac-64-etm@openssh.com', 'umac-128-etm@openssh.com', 'hmac-sha2-256-etm@openssh.com', 'hmac-sha2-512-etm@openssh.com', 'hmac-sha1-etm@openssh.com', 'umac-64@openssh.com', 'umac-128@openssh.com', 'hmac-sha2-256', 'hmac-sha2-512', 'hmac-sha1'] server mac:['umac-64-etm@openssh.com', 'umac-128-etm@openssh.com', 'hmac-sha2-256-etm@openssh.com', 'hmac-sha2-512-etm@openssh.com', 'hmac-sha1-etm@openssh.com', 'umac-64@openssh.com', 'umac-128@openssh.com', 'hmac-sha2-256', 'hmac-sha2-512', 'hmac-sha1'] client compress:['none', 'zlib@openssh.com'] server compress:['none', 'zlib@openssh.com'] client lang:[''] server lang:[''] kex follows?False
DEB [20190618-15:04:43.702] thr=1   paramiko.transport: Kex agreed: ecdh-sha2-nistp256
DEB [20190618-15:04:43.702] thr=1   paramiko.transport: HostKey agreed: ssh-ed25519
DEB [20190618-15:04:43.702] thr=1   paramiko.transport: Cipher agreed: aes128-ctr
DEB [20190618-15:04:43.702] thr=1   paramiko.transport: MAC agreed: hmac-sha2-256
DEB [20190618-15:04:43.703] thr=1   paramiko.transport: Compression agreed: none
DEB [20190618-15:04:44.016] thr=1   paramiko.transport: kex engine KexNistp256 specified hash_algo <built-in function openssl_sha256>
DEB [20190618-15:04:44.016] thr=1   paramiko.transport: Switch to new keys ...
DEB [20190618-15:04:44.017] thr=2   paramiko.transport: Adding ssh-ed25519 host key for 10.202.166.148: b'aaafeee84f5d24d2a97f4f810eb83ad0'
DEB [20190618-15:04:44.018] thr=2   paramiko.transport: Trying SSH agent key b'b95bfda872e1c6a47a259bfce22b4ebb'
DEB [20190618-15:04:44.057] thr=1   paramiko.transport: userauth is OK
INF [20190618-15:04:44.261] thr=1   paramiko.transport: Authentication (publickey) failed.
DEB [20190618-15:04:44.262] thr=2   paramiko.transport: Trying discovered key b'b95bfda872e1c6a47a259bfce22b4ebb' in /home/lirui/.ssh/id_rsa
DEB [20190618-15:04:44.263] thr=1   paramiko.transport: userauth is OK
INF [20190618-15:04:44.295] thr=1   paramiko.transport: Authentication (publickey) failed.
DEB [20190618-15:04:44.296] thr=1   paramiko.transport: userauth is OK
INF [20190618-15:04:44.328] thr=1   paramiko.transport: Authentication (password) successful!
DEB [20190618-15:04:44.371] thr=1   paramiko.transport: Received global request "hostkeys-00@openssh.com"
DEB [20190618-15:04:44.371] thr=1   paramiko.transport: Rejecting "hostkeys-00@openssh.com" global request from server.
